<?xml version="1.0" encoding="UTF-8"?>
<testng-results ignored="0" total="1" passed="1" failed="0" skipped="0">
  <reporter-output>
  </reporter-output>
  <suite started-at="2022-06-21T19:37:36Z" name="Default suite" finished-at="2022-06-21T19:37:43Z" duration-ms="6945">
    <groups>
    </groups>
    <test started-at="2022-06-21T19:37:36Z" name="Default test" finished-at="2022-06-21T19:37:43Z" duration-ms="6945">
      <class name="apiChaining.Phase3EndToEnd">
        <test-method signature="test1()[pri:0, instance:apiChaining.Phase3EndToEnd@4196c360]" started-at="2022-06-21T19:37:36Z" name="test1" finished-at="2022-06-21T19:37:43Z" duration-ms="6909" status="PASS">
          <reporter-output>
          </reporter-output>
        </test-method> <!-- test1 -->
      </class> <!-- apiChaining.Phase3EndToEnd -->
    </test> <!-- Default test -->
  </suite> <!-- Default suite -->
</testng-results>
